<?xml version="1.0" encoding="UTF-8"?>
<testng-results ignored="0" total="4" passed="4" failed="0" skipped="0">
  <reporter-output>
  </reporter-output>
  <suite started-at="2023-10-27T03:16:38Z" name="BDD Test Suite" finished-at="2023-10-27T03:17:04Z" duration-ms="26243">
    <groups>
      <group name="cucumber">
        <method signature="AbstractTestNGCucumberTests.runScenario(cucumber.api.testng.PickleEventWrapper, cucumber.api.testng.CucumberFeatureWrapper)[pri:0, instance:CrowdTestNgRunner@6973bf95]" name="runScenario" class="cucumber.api.testng.AbstractTestNGCucumberTests"/>
      </group> <!-- cucumber -->
    </groups>
    <test started-at="2023-10-27T03:16:38Z" name="Login and Update Profile Test" finished-at="2023-10-27T03:17:04Z" duration-ms="26243">
      <class name="CrowdTestNgRunner">
        <test-method is-config="true" signature="setUpClass()[pri:0, instance:CrowdTestNgRunner@6973bf95]" started-at="2023-10-27T03:16:38Z" name="setUpClass" finished-at="2023-10-27T03:16:38Z" duration-ms="421" status="PASS">
          <reporter-output>
          </reporter-output>
        </test-method> <!-- setUpClass -->
        <test-method signature="runScenario(cucumber.api.testng.PickleEventWrapper, cucumber.api.testng.CucumberFeatureWrapper)[pri:0, instance:CrowdTestNgRunner@6973bf95]" started-at="2023-10-27T03:16:38Z" name="runScenario" description="Runs Cucumber Scenarios" data-provider="scenarios" finished-at="2023-10-27T03:16:46Z" duration-ms="7759" status="PASS">
          <params>
            <param index="0">
              <value>
                <![CDATA["Operaciones con la calculadora de windows"]]>
              </value>
            </param>
            <param index="1">
              <value>
                <![CDATA["Operaciones aritmeticas con la calculadora de windows"]]>
              </value>
            </param>
          </params>
          <reporter-output>
          </reporter-output>
        </test-method> <!-- runScenario -->
        <test-method signature="runScenario(cucumber.api.testng.PickleEventWrapper, cucumber.api.testng.CucumberFeatureWrapper)[pri:0, instance:CrowdTestNgRunner@6973bf95]" started-at="2023-10-27T03:16:46Z" name="runScenario" description="Runs Cucumber Scenarios" data-provider="scenarios" finished-at="2023-10-27T03:16:52Z" duration-ms="6126" status="PASS">
          <params>
            <param index="0">
              <value>
                <![CDATA["Operaciones con la calculadora de windows"]]>
              </value>
            </param>
            <param index="1">
              <value>
                <![CDATA["Operaciones aritmeticas con la calculadora de windows"]]>
              </value>
            </param>
          </params>
          <reporter-output>
          </reporter-output>
        </test-method> <!-- runScenario -->
        <test-method signature="runScenario(cucumber.api.testng.PickleEventWrapper, cucumber.api.testng.CucumberFeatureWrapper)[pri:0, instance:CrowdTestNgRunner@6973bf95]" started-at="2023-10-27T03:16:52Z" name="runScenario" description="Runs Cucumber Scenarios" data-provider="scenarios" finished-at="2023-10-27T03:16:57Z" duration-ms="4639" status="PASS">
          <params>
            <param index="0">
              <value>
                <![CDATA["Operaciones con la calculadora de windows"]]>
              </value>
            </param>
            <param index="1">
              <value>
                <![CDATA["Operaciones aritmeticas con la calculadora de windows"]]>
              </value>
            </param>
          </params>
          <reporter-output>
          </reporter-output>
        </test-method> <!-- runScenario -->
        <test-method signature="runScenario(cucumber.api.testng.PickleEventWrapper, cucumber.api.testng.CucumberFeatureWrapper)[pri:0, instance:CrowdTestNgRunner@6973bf95]" started-at="2023-10-27T03:16:57Z" name="runScenario" description="Runs Cucumber Scenarios" data-provider="scenarios" finished-at="2023-10-27T03:17:03Z" duration-ms="6729" status="PASS">
          <params>
            <param index="0">
              <value>
                <![CDATA["Operaciones con la calculadora de windows"]]>
              </value>
            </param>
            <param index="1">
              <value>
                <![CDATA["Operaciones aritmeticas con la calculadora de windows"]]>
              </value>
            </param>
          </params>
          <reporter-output>
          </reporter-output>
        </test-method> <!-- runScenario -->
        <test-method is-config="true" signature="tearDownClass()[pri:0, instance:CrowdTestNgRunner@6973bf95]" started-at="2023-10-27T03:17:03Z" name="tearDownClass" finished-at="2023-10-27T03:17:04Z" duration-ms="507" status="PASS">
          <reporter-output>
          </reporter-output>
        </test-method> <!-- tearDownClass -->
      </class> <!-- CrowdTestNgRunner -->
    </test> <!-- Login and Update Profile Test -->
  </suite> <!-- BDD Test Suite -->
</testng-results>
